<?xml version="1.0" encoding="UTF-8"?>
<!-- Generated by org.testng.reporters.JUnitReportReporter -->
<testsuite hostname="LAPTOP-5SM7DI6B" failures="0" tests="4" name="Day42.OrangeHRMTest" time="22.008" errors="0" timestamp="2025-03-27T23:15:40 IST" skipped="0">
  <testcase classname="Day42.OrangeHRMTest" name="openApp" time="17.949"/>
  <system-out/>
  <testcase classname="Day42.OrangeHRMTest" name="testLogo" time="1.922"/>
  <system-out/>
  <testcase classname="Day42.OrangeHRMTest" name="testLogin" time="0.362"/>
  <system-out/>
  <testcase classname="Day42.OrangeHRMTest" name="testCloseApp" time="1.775"/>
  <system-out/>
</testsuite> <!-- Day42.OrangeHRMTest -->
