<?xml version="1.0" encoding="UTF-8"?>
<!-- Generated by org.testng.reporters.JUnitReportReporter -->
<testsuite hostname="LAPTOP-5SM7DI6B" failures="0" tests="1" name="day43.HardAssertions" time="0.018" errors="0" timestamp="2025-03-28T10:31:07 IST" skipped="0">
  <testcase classname="day43.HardAssertions" name="test" time="0.018"/>
  <system-out/>
</testsuite> <!-- day43.HardAssertions -->
