<?xml version="1.0" encoding="UTF-8"?>
<!-- Generated by org.testng.reporters.JUnitReportReporter -->
<testsuite hostname="LAPTOP-5SM7DI6B" failures="0" tests="3" name="Day42.FirstTestCases" time="0.022" errors="0" timestamp="2025-03-27T22:38:40 IST" skipped="0">
  <testcase classname="Day42.FirstTestCases" name="display" time="0.018"/>
  <system-out/>
  <testcase classname="Day42.FirstTestCases" name="login" time="0.002"/>
  <system-out/>
  <testcase classname="Day42.FirstTestCases" name="logout" time="0.002"/>
  <system-out/>
</testsuite> <!-- Day42.FirstTestCases -->
