<?xml version="1.0" encoding="UTF-8"?>
<!-- Generated by org.testng.reporters.JUnitReportReporter -->
<testsuite hostname="LAPTOP-5SM7DI6B" failures="0" tests="9" name="Day45.ParallelTesting" time="8.840" errors="0" timestamp="2025-03-28T22:34:27 IST" skipped="0">
  <testcase classname="Day45.ParallelTesting" name="testLogo" time="6.444"/>
  <system-out/>
  <testcase classname="Day45.ParallelTesting" name="testLogo" time="0.955"/>
  <system-out/>
  <testcase classname="Day45.ParallelTesting" name="testLogo" time="1.370"/>
  <system-out/>
  <testcase classname="Day45.ParallelTesting" name="testTitle" time="0.014"/>
  <system-out/>
  <testcase classname="Day45.ParallelTesting" name="testTitle" time="0.008"/>
  <system-out/>
  <testcase classname="Day45.ParallelTesting" name="testTitle" time="0.015"/>
  <system-out/>
  <testcase classname="Day45.ParallelTesting" name="testURL" time="0.010"/>
  <system-out/>
  <testcase classname="Day45.ParallelTesting" name="testURL" time="0.011"/>
  <system-out/>
  <testcase classname="Day45.ParallelTesting" name="testURL" time="0.013"/>
  <system-out/>
</testsuite> <!-- Day45.ParallelTesting -->
