<?xml version="1.0" encoding="UTF-8"?>
<!-- Generated by org.testng.reporters.JUnitReportReporter -->
<testsuite hostname="LAPTOP-5SM7DI6B" failures="0" tests="2" name="day44.PaymentTests" time="0.014" errors="0" timestamp="2025-03-28T17:33:33 IST" skipped="0">
  <testcase classname="day44.PaymentTests" name="paymentinRupes" time="0.013"/>
  <system-out/>
  <testcase classname="day44.PaymentTests" name="paymentDollars" time="0.001"/>
  <system-out/>
</testsuite> <!-- day44.PaymentTests -->
