<?xml version="1.0" encoding="UTF-8"?>
<!-- Generated by org.testng.reporters.JUnitReportReporter -->
<testsuite hostname="LAPTOP-5SM7DI6B" failures="0" tests="3" name="day44.SignupTests" time="0.018" errors="0" timestamp="2025-03-28T17:29:59 IST" skipped="0">
  <testcase classname="day44.SignupTests" name="signUpByEmail" time="0.016"/>
  <system-out/>
  <testcase classname="day44.SignupTests" name="signUpByfaceBook" time="0.001"/>
  <system-out/>
  <testcase classname="day44.SignupTests" name="signupByTwitter" time="0.001"/>
  <system-out/>
</testsuite> <!-- day44.SignupTests -->
