<?xml version="1.0" encoding="UTF-8"?>
<!-- Generated by org.testng.reporters.JUnitReportReporter -->
<testsuite hostname="LAPTOP-5SM7DI6B" failures="0" tests="3" name="day44.LoginTests" time="0.017" errors="0" timestamp="2025-03-28T17:29:38 IST" skipped="0">
  <testcase classname="day44.LoginTests" name="loginByEmail" time="0.015"/>
  <system-out/>
  <testcase classname="day44.LoginTests" name="loginByFaceBook" time="0.001"/>
  <system-out/>
  <testcase classname="day44.LoginTests" name="loginBytwitter" time="0.001"/>
  <system-out/>
</testsuite> <!-- day44.LoginTests -->
